2922248
2999088
3001488
3004176
3008976
3012432
3014352
3015312
3017712
3020592
3021072
3024912
3034832
3040112
3042512
3045392
3046832
3048272
3050672
3053072
3055472
3058352
3063152
3069648
3073968
3075888
3078288
3080208
3083088
3085008
3088368
3090768
3094608
3097008
3099408
3101328
3103728
3107088
3111888
3114768
3115248
3117648
3119088
3120528
3122448
3124848
3127248
3143376
3144336
3145776
3148656
3152976
3155856
3158256
3158736
3161136
3161616
3163536
3165456
3167376
3168336
3169776
3172176
3174096
3175536
3178416
3182256
3184176
3186576
3189456
3191376
3193296
3195216
3197136
3200976
3203376
3204816
3206256
3208656
3211056
3212016
3215856
3218256
3219696
3224016
3227856
3231216
3231216
3235056
3236976
3241776
3242736
3244656
3248496
3251376
3254256
3254256
3255696
3257616
3259056
3260016
3262896
3285296
3289616
3291536
3292976
3294896
3297296
3302096
3304016
3306416
3307376
3309296
3311216
3314096
3314576
3317456
3319376
3322256
3324176
3326096
3327536
3328976
3329456
3330896
3336176
3339056
3343856
3345296
3345776
3348176
3349136
3351056
3352496
3354896
3357296
3359696
3362096
3365936
3368816
3370736
3373136
3374576
3375536
3378416
3381776
3383696
3385616
3387056
3388496
3389456
3390896
3393296
3395696
3399536
3400496
3402416
3403856
3409616
3412016
3414416
3416816
3418256
3420656
3423056
3424496
3426896
3427856
3430256
3432656
3433616
3435056
3437936
3439376
3442256
3446096
3447056
3448016
3449936
3452336
3453776
3455696
3456656
3460976
3463856
3465296
3467696
3470096
3471056
3474416
3476816
3480176
3482096
3482576
3484016
3486896
3489776
3490736
3493136
3495536
3496976
3500336
3501296
3504656
3506096
3508976
3512336
3517616
3519056
3520016
3521936
3523856
3524816
3527216
3528656
3571536
3574896
3576336
3580656
3584496
3586416
3588336
3590736
3594576
3596016
3599376
3601776
3603216
3605136
3605616
3608016
3610416
3613296
3614736
3619056
3621456
3624816
3625296
3629136
3632496
3633936
3635856
3638256
3641616
3643536
3649776
3652656
3655056
3658416
3661776
3662736
3664656
3666096
3668976
3670416
3673776
3676656
3679056
3682896
3687216
3690096
3693936
3697776
3700656
3701616
3703056
3704976
3707376
3710736
3713136
3716016
3718416
3718416
3720336
3723696
3726096
3727536
3730896
3733776
3736176
3736656
3739056
3742416
3743856
3747696
3749616
3753936
3759216
3761136
3762576
3765936
3766896
3771216
3776496
3779376
3781776
3786096
3790416
3792336
3793296
3797136
3798576
3800976
3802896
3804816
3805296
3810576
3812976
3814896
3816816
3820176
3824016
3825456
3828336
3830736
3833616
3837456
3838896
3839856
3840816
3843216
3845136
3847056
3847536
3849936
3850896
3851856
3854256
3857136
3861936
3863856
3864336
3866256
3869136
3873936
3874896
3878736
3880176
3882096
3884976
3886416
3892176
3894576
3898416
3901776
3903696
3906576
3909456
3910896
3912336
3913296
3916176
3918576
3920976
3922896
3925296
3929616
3930576
3933936
3937776
3937776
3942576
3944496
3947376
3950736
3954576
3956976
3960336
3963696
3967056
3969936
3971856
3973296
3975216
3978096
3980496
3983376
3983856
3988176
3992496
3997776
3999696
4003056
4003536
4006896
4008336
4012656
4014096
4016016
4018416
4019856
4022256
4024656
4026576
4028496
4032816
4033776
4035216
4039056
4040016
4041936
4042416
4044816
4048176
4049616
4051056
4054416
4060176
4062096
4145456
4146416
4148336
4152656
4155536
4157456
4162256
4163696
4167056
4168496
4172816
4174736
4176176
4178096
4179536
4183856
4186256
4188176
4191056
4192496
4193456
4196816
4199696
4203536
4205936
4207856
4210256
4213616
4217456
4220336
4222256
4223696
4227536
4228976
4230896
4232336
4235216
4235216
4235696
4238576
4240976
4244336
4246736
4248656
4250096
4252016
4253456
4256336
4258736
4259696
4264016
4265936
4268336
4272176
4274096
4278416
4280336
4283216
4286096
4287056
4290896
4292816
4296176
4300976
4305296
4307216
4308656
4311536
4313456
4317296
4319696
4322096
4323056
4324496
4325936
4329296
4331696
4332176
4335536
4337936
4339856
4343216
4344656
4346096
4348496
4351856
4352336
4354736
4355696
4357616
4359536
4360496
4362416
4363856
4367216
4369616
4373456
4375856
4377296
4380176
4381616
4383536
4386896
4390256
4391696
4394576
4398416
4399856
4401776
4402256
4403216
4405136
4408016
4411376
4413776
4414736
4416176
4419056
4420016
4422896
4426736
4428656
4430096
4432976
4434896
4438256
4440176
4442576
4445936
4449296
4451696
4453136
4455536
4457936
4458416
4462736
4464656
4467056
4469456
4472336
4474256
4475216
4476176
4479056
4480496
4482896
4484336
4486736
4490096
4491536
4494416
4497776
4501136
4503536
4504496
4506896
4510736
4511696
4514576
4516016
4518416
4519856
4523696
4526096
4527056
4531376
4534736
4537136
4538576
4540496
4542896
4544816
4546256
4549136
4551536
4553936
4555856
4559216
4562576
4566896
4569776
4570256
4572176
4573616
4575536
4577936
4581296
4584656
4586576
4589456
4593296
4594256
4598576
4600496
4602416
4605296
4609616
4611536
4613456
4614416
4615856
4617296
4622096
4624976
4629296
4630736
4632656
4633136
4635536
4639376
4641296
4643216
4644176
4647056
4650896
4651376
4652816
4655696
4657136
4658576
4660976
4662416
4663376
4665776
4667216
4668656
4674896
4677296
4677776
4681136
4684496
4686416
4688816
4692176
4693136
4695056
4696496
4698416
4700336
4703216
4704176
4706096
4708496
4711376
4713296
4715696
4718576
4720496
4721456
4723856
4724336
4725776
4726736
4727696
4732016
4734416
4735376
4736336
4740656
4743536
4744496
4745936
4748816
4751216
4753616
4755536
4756496
4758416
4762736
4763696
4766096
4768976
4770416
4771376
4773776
4775216
4780496
4780976
4782896
4783856
4786256
4787696
4788656
4790096
4793456
4795376
4795856
4798736
4801136
4803056
4804496
4805936
4809296
4812656
4814576
4816016
4817936
4819376
4822736
4826576
4829936
4834256
4836176
4837616
4839056
4842416
4844336
4847216
4848176
4851536
4855856
4859216
4863536
4864976
4867376
4870736
4874576
4875536
4878416
4880336
4883216
4884176
4885136
4887536
4888496
4889456
4890896
4893296
4896176
4898096
4902896
4906256
4907696
4910096
4913936
4916816
4917296
4917296
4921616
4922576
4924976
4929296
4932656
4935056
4936496
4938416
4940336
4942256
4943696
4945616
4950896
4954256
4958576
4960496
4963376
4965296
4966256
4968656
4971056
4973936
4974416
4975856
4976816
4979216
4982576
4983536
4985936
4987856
4989776
4990256
4991696
4994096
4997936
5001296
5002736
5004176
5005136
5007536
5009456
5012816
5015696
5018576
5020976
5024816
5026736
5030096
5031536
5033936
5035376
5036816
5039216
5041616
5043056
5044976
5045936
5049776
5054096
5056496
5059856
5061776
5063216
5066096
5068016
5073776
5075696
5081456
5084816
5086256
5087696
5091056
5094416
5095376
5097296
5100656
5102576
5104496
5106416
5108336
5110256
5112656
5115056
5116976
5119376
5121776
5123216
5124656
5127056
5292336
5294256
5298096
5301456
5302416
5305296
5308656
5311536
5313456
5314416
5316816
5318736
5320656
5322576
5325456
5329296
5331216
5332176
5334576
5337456
5341776
5343696
5345616
5346576
5350896
5353776
5357616
5360976
5363856
5365776
5366736
5369616
5372016
5372976
5375376
5376816
5377296
5380656
5383056
5384016
5385936
5389296
5395056
5397936
5401776
5404656
5406576
5409456
5413296
5413776
5416176
5420016
5421936
5424816
5425776
5429616
5430576
5432976
5434896
5436336
5439216
5440656
5442576
5443056
5445936
5446896
5451216
5452656
5456496
5457936
5459856
5462256
5465136
5466576
5469936
5471856
5473776
5479056
5479536
5483856
5486256
5488176
5490096
5492496
5495376
5496336
5498736
5501136
5504496
5506896
5507856
5512656
5514096
5516496
5518416
5521296
5524176
5527056
5529456
5529936
5532336
5536176
5537616
5540016
5546736
5548656
5551056
5554896
5555856
5557296
5558256
5560656
5563056
5565936
5569776
5571696
5573136
5574576
5576976
5578896
5580816
5581776
5584656
5585136
5588016
5590896
5593776
5594736
5597136
5598576
5601456
5602896
5604336
5606256
5608656
5612016
5614416
5616336
5618256
5620656
5622576
5624496
5625936
5629776
5635056
5637456
5638416
5640816
5641776
5644176
5646576
5650416
5651856
5652816
5654736
5658096
5659536
5661456
5663376
5665296
5665776
5669616
5671056
5672016
