2921824
2996840
2998664
2999624
3002792
3003752
3004712
3007592
3008552
3009032
3011528
3012488
3014888
3017288
3018728
3019688
3020168
3022568
3024488
3025448
3032008
3032968
3034888
3035848
3038248
3039688
3041128
3041128
3042088
3043528
3044968
3046408
3047848
3048808
3048808
3049288
3051688
3052168
3053608
3055048
3056008
3059368
3060328
3062248
3067304
3068744
3070664
3071144
3072104
3074024
3074504
3075464
3077384
3078344
3079784
3081224
3081224
3081224
3082184
3083624
3084584
3086984
3087944
3087944
3090344
3091304
3092744
3093704
3096584
3097544
3099464
3100904
3102344
3103304
3106184
3107144
3108584
3109544
3110984
3111464
3112904
3113384
3114824
3117224
3119144
3121064
3121544
3122024
3123464
3125864
3126824
3127304
3141032
3143912
3144872
3145352
3147752
3149192
3149672
3150632
3152552
3154472
3154952
3155432
3155432
3156872
3157832
3159272
3159752
3161672
3161672
3162632
3163592
3164072
3164072
3165032
3166472
3167912
3169832
3170312
3172232
3174632
3174632
3177512
3177992
3179912
3181352
3181832
3183272
3184232
3184712
3185672
3186632
3188072
3190472
3191432
3191912
3192872
3194792
3197192
3198152
3199112
3199592
3201032
3202952
3204392
3205352
3205832
3206312
3207272
3208712
3209192
3211112
3211112
3212552
3213512
3215432
3215432
3216392
3218792
3219752
3219752
3220712
3221672
3223112
3225512
3225512
3225992
3226472
3227912
3229352
3231752
3233672
3235112
3235592
3235592
3236552
3239432
3242312
3242792
3244232
3245192
3247112
3248552
3249032
3250952
3253352
3253832
3254792
3257672
3258152
3258152
3260552
3261512
3261512
3261512
3262472
3262952
3284392
3285352
3287272
3287752
3289192
3289672
3290632
3293032
3295912
3297832
3299752
3300232
3300232
3300712
3302152
3302632
3304072
3305512
3306952
3308392
3309352
3309352
3311752
3314152
3314152
3315592
3315592
3316552
3317032
3317032
3317992
3319432
3319432
3319912
3320872
3322792
3322792
3324232
3325192
3327112
3328552
3329512
3329992
3331912
3332392
3333352
3334312
3334792
3335272
3335752
3337192
3337672
3340072
3341512
3342952
3344392
3344872
3346792
3347752
3347752
3347752
3348232
3350632
3350632
3351592
3352072
3353032
3355432
3356872
3357832
3358312
3359752
3360232
3361192
3361192
3362632
3364552
3365992
3366952
3368392
3369832
3371272
3371752
3372232
3372232
3372232
3372712
3373192
3375112
3375112
3376072
3377512
3378952
3380392
3380872
3381832
3384232
3384232
3384712
3385192
3385672
3386152
3386632
3386632
3387592
3389992
3391432
3393832
3395272
3396232
3398152
3399592
3399592
3400552
3401512
3401512
3402472
3404392
3407272
3409672
3410632
3411592
3412552
3413992
3414472
3416392
3417352
3417832
3418792
3420232
3422152
3423112
3425032
3426952
3427912
3431272
3431752
3434152
3435592
3436072
3437992
3438472
3440392
3440872
3442792
3443752
3444712
3445672
3448552
3449512
3451432
3452872
3454792
3455272
3456232
3456232
3457192
3458152
3460072
3463912
3464392
3464872
3466312
3466312
3467272
3467272
3469192
3470632
3470632
3472552
3473032
3474952
3474952
3476872
3478312
3479752
3479752
3481672
3482632
3483592
3485992
3486952
3488392
3488872
3490792
3491272
3493192
3494152
3495592
3496072
3497032
3499912
3501832
3501832
3502792
3505192
3506152
3508552
3508552
3509032
3510952
3511912
3512872
3513832
3516232
3518632
3520072
3520552
3521032
3521992
3522472
3523432
3525352
3526792
3529192
3571112
3571112
3572072
3574472
3574952
3576392
3577352
3580712
3582152
3583112
3584072
3584072
3584552
3585992
3587432
3588392
3588392
3588872
3589352
3589352
3590792
3592712
3595112
3595592
3597992
3599432
3599912
3601832
3603752
3603752
3603752
3605192
3606632
3607592
3609512
3610952
3611912
3613832
3617192
3619112
3619592
3620552
3621032
3621512
3623432
3624872
3626792
3628712
3630152
3631112
3633032
3633992
3634952
3636872
3638312
3639272
3640232
3642152
3643592
3644552
3647432
3648392
3650792
3652712
3653672
3655112
3656552
3657512
3658952
3661352
3663272
3663752
3665192
3665672
3667112
3669032
3671912
3672872
3673832
3674792
3676232
3680552
3682952
3683432
3683432
3684872
3685832
3686792
3686792
3688232
3688712
3689192
3689672
3690632
3692072
3692072
3693032
3693512
3694952
3696392
3697832
3699272
3701672
3702152
3705512
3707912
3709352
3710312
3711272
3712232
3713672
3714152
3715112
3717992
3719912
3721832
3722792
3723752
3724232
3724712
3727112
3729032
3729992
3731432
3732392
3732872
3734312
3735272
3738152
3738152
3740072
3740072
3741992
3743912
3744392
3745832
3747272
3750152
3751592
3752552
3753512
3753992
3755432
3755912
3758312
3759272
3761192
3762632
3763112
3765032
3766472
3766952
3767432
3768392
3770312
3773192
3773672
3776552
3777992
3779912
3780392
3780872
3782312
3783752
3785192
3786632
3786632
3788552
3789032
3790472
3791912
3792872
3794312
3796232
3797192
3799112
3800552
3801512
3802952
3803432
3805832
3807752
3809192
3811112
3811112
3812072
3813992
3813992
3814952
3816392
3818312
3819272
3820232
3820712
3823592
3825512
3825512
3826472
3826952
3827432
3828872
3830792
3832232
3832232
3833672
3834152
3834632
3836072
3837032
3838472
3839432
3839912
3840392
3842792
3844232
3845192
3845672
3847112
3847112
3847112
3847592
3848552
3849992
3852872
3852872
3853352
3853832
3854312
3855272
3856712
3858152
3859592
3859592
3861512
3861992
3862952
3863912
3865832
3866792
3867272
3867272
3868712
3870632
3873032
3873032
3874952
3874952
3876872
3876872
3878312
3879752
3880712
3881672
3884552
3886472
3887912
3891272
3892712
3894152
3895112
3895112
3895592
3896552
3896552
3897992
3898952
3901832
3902792
3904232
3905672
3908072
3909512
3911432
3913352
3915272
3917672
3919592
3921512
3923912
3924392
3925832
3928232
3929192
3931112
3932552
3933032
3933992
3934952
3935912
3936872
3939272
3941192
3941672
3942632
3943592
3945032
3945992
3947912
3950312
3951752
3953672
3953672
3955592
3956552
3958952
3959912
3961352
3964232
3966152
3967112
3968072
3969512
3970952
3971912
3973352
3973352
3974312
3976232
3979592
3981992
3983432
3983912
3984872
3984872
3985352
3987272
3989192
3991592
3992552
3993032
3993512
3994952
3996392
3997352
3999752
4002632
4003112
4005992
4006952
4008392
4008872
4008872
4010792
4011752
4013192
4014632
4017032
4019912
4020872
4021832
4022792
4023272
4023272
4025192
4027112
4027592
4028552
4029032
4031432
4032872
4034312
4035752
4037672
4037672
4037672
4040552
4041512
4043912
4045352
4045352
4048712
4049672
4051592
4052072
4053032
4053992
4054472
4056392
4058792
4059752
4059752
4060232
4060232
4061192
4061672
4145032
4146952
4147912
4149352
4149832
4150792
4151272
4152712
4153192
4154152
4157032
4158952
4160392
4162312
4163752
4164232
4164712
4165672
4167592
4171912
4171912
4173832
4175752
4177672
4178632
4182472
4183432
4183432
4185832
4186312
4187752
4188712
4189672
4191112
4191592
4193032
4194472
4196392
4197832
4198312
4198312
4199752
4201672
4202632
4203592
4203592
4204072
4204552
4205512
4206952
4209832
4209832
4209832
4210312
4211752
4214152
4216552
4217992
4219432
4219912
4220392
4221352
4221352
4221352
4222792
4224712
4225192
4226632
4228072
4228552
4229512
4229992
4230952
4232872
4234312
4234792
4237672
4240072
4242472
4243432
4244392
4244872
4244872
4245352
4246792
4247272
4248232
4251112
4251112
4251592
4251592
4252072
4254952
4255912
4256392
4258792
4260712
4264552
4265032
4267432
4268872
4270792
4271752
4273672
4275112
4275592
4276552
4277992
4278472
4279432
4281352
4281352
4282312
4283752
4284712
4285192
4288072
4288552
4289512
4292872
4293832
4294312
4295272
4298632
4299112
4299592
4300072
4302472
4303432
4303432
4303912
4304392
4306312
4307752
4309192
4309672
4310152
4311112
4313992
4313992
4316872
4318792
4319752
4320712
4321672
4322632
4324072
4325512
4326472
4327432
4329352
4331752
4334632
4336072
4336072
4337032
4337032
4337512
4338472
4338952
4339432
4340872
4342792
4343752
4345192
4347592
4347592
4347592
4348552
4348552
4349992
4350472
4351432
4351912
4352872
4353832
4354312
4355272
4356712
4357192
4358152
4358632
4359592
4360072
4360072
4360072
4361032
4362952
4363432
4364392
4364392
4364392
4364872
4365832
4366792
4366792
4368232
4369672
4371592
4371592
4373512
4374952
4376872
4378792
4381192
4381672
4381672
4382152
4382632
4382632
4384072
4384072
4386952
4387912
4389832
4390792
4394152
4394152
4394152
4395112
4395592
4396072
4397512
4398952
4400392
4400872
4401832
4403272
4404232
4405192
4406632
4406632
4407112
4408072
4410472
4410952
4413352
4414792
4416232
4418152
4420072
4420552
4421032
4421512
4421512
4423912
4425832
4425832
4427752
4428232
4430632
4432072
4433032
4433992
4435912
4436392
4438792
4439272
4440712
4442632
4443592
4445032
4446472
4447432
4448872
4450312
4451752
4453192
4454632
4455112
4455592
4457512
4458472
4459912
4461352
4461832
4463752
4464232
4464712
4464712
4465192
4465672
4466632
4467592
4468072
4468552
4470472
4470952
4470952
4472392
4473832
4476712
4479112
4479592
4482472
4483912
4483912
4484872
4486312
4486792
4489672
4490632
4492072
4492072
4494472
4496392
4497352
4499272
4499752
4500232
4500712
4502632
4504072
4506472
4507912
4508392
4510312
4511272
4512712
4513192
4514152
4515592
4515592
4516072
4517032
4518472
4518952
4520872
4521832
4522792
4523272
4524712
4524712
4524712
4525192
4527112
4529512
4531432
4532392
4532392
4534312
4537192
4538152
4540072
4541032
4541992
4542472
4543432
4544392
4547752
4548232
4548712
4548712
4549192
4551592
4552552
4553032
4554472
4555432
4556392
4557832
4558792
4559272
4560232
4561672
4564072
4565512
4566472
4567912
4569352
4571752
4572232
4574152
4575112
4575592
4575592
4576552
4576552
4578472
4579912
4582312
4583272
4586152
4588552
4589032
4592392
4593832
4594792
4595752
4596232
4597192
4597192
4597192
4597672
4597672
4600552
4601512
4602952
4605352
4605352
4605832
4606792
4606792
4607272
4609192
4611592
4612072
4613032
4615432
4616872
4617832
4620712
4621672
4622152
4624072
4626472
4627432
4629352
4631272
4632712
4632712
4634152
4636072
4637512
4637512
4637992
4639432
4639912
4641352
4641832
4641832
4642312
4642792
4645192
4649032
4650472
4651432
4652392
4652872
4654792
4655752
4656712
4658152
4659112
4659112
4660552
4661512
4661992
4663432
4664872
4666312
4667752
4668232
4668232
4668712
4669192
4669672
4669672
4670632
4673512
4673992
4674952
4675912
4676872
4678312
4682152
4685032
4685032
4686472
4688392
4690312
4690792
4692232
4692712
4694152
4694632
4695592
4697032
4698472
4699432
4699912
4700872
4702312
4703752
4705192
4705672
4706632
4707592
4708072
4709032
4709992
4710952
4711912
4715272
4715752
4717192
4719112
4721032
4722952
4724392
4724872
4724872
4726792
4728712
4729192
4729192
4729192
4730152
4731112
4732072
4732552
4733992
4734952
4735912
4736872
4737352
4737352
4738792
4741192
4742152
4743112
4744072
4745032
4745992
4747912
4747912
4749352
4749832
4752232
4752712
4754152
4755112
4756072
4756552
4756552
4756552
4757512
4758952
4760392
4760872
4762312
4762792
4762792
4763272
4763752
4765192
4766632
4769032
4769512
4769512
4769992
4771432
4772872
4775272
4776712
4777672
4778632
4780552
4781992
4782472
4783432
4783912
4785832
4787272
4788712
4790152
4790152
4790632
4791592
4793512
4793992
4795432
4796392
4797352
4798792
4799272
4799752
4800712
4801672
4803112
4804072
4805992
4807432
4809352
4810312
4811272
4811752
4813192
4815112
4817512
4818472
4818472
4818952
4820392
4822792
4825672
4827592
4828072
4829512
4830472
4831432
4831432
4832872
4833832
4834312
4835272
4835752
4838152
4839592
4841512
4843432
4843912
4846312
4848232
4852072
4853032
4853512
4854952
4855432
4855432
4855912
4856392
4858312
4859752
4860232
4860712
4861672
4862632
4864072
4865992
4868392
4869352
4870792
4872712
4874632
4876072
4876072
4877032
4877512
4878952
4879912
4880872
4881832
4883272
4884712
4886152
4887592
4888072
4888072
4889032
4889992
4890952
4892392
4893832
4894792
4897672
4901512
4901512
4901992
4901992
4901992
4903912
4905352
4906792
4907272
4907272
4908232
4909672
4911592
4912072
4912552
4913512
4913512
4914952
4915912
4916872
4918312
4918312
4919272
4920712
4922152
4922632
4925032
4925992
4926952
4926952
4928392
4928872
4930792
4933672
4935112
4936072
4936552
4938472
4938472
4939912
4942312
4943272
4943752
4943752
4944712
4944712
4944712
4944712
4945192
4945192
4945672
4945672
4947112
4947592
4947592
4948552
4949032
4951432
4952872
4953352
4955272
4956232
4958632
4958632
4959592
4961032
4962472
4963432
4963432
4964392
4964872
4966792
4967752
4968232
4971112
4972552
4973992
4974952
4975432
4977352
4977832
4981192
4981192
4982152
4983592
4984072
4985032
4986472
4987912
4988392
4988872
4989832
4990792
4992712
4994152
4995112
4997512
4998472
4999432
4999912
5001352
5004232
5005192
5005672
5006632
5009032
5009032
5009512
5009512
5010472
5010472
5012392
5013352
5014312
5015272
5017192
5018152
5020552
5022472
5022472
5023432
5023912
5024872
5025352
5026792
5028712
5029672
5030632
5033032
5033992
5035432
5035432
5036392
5037352
5038312
5039272
5040232
5041192
5041672
5042152
5043112
5043592
5044552
5044552
5046952
5049352
5050312
5051272
5051752
5052232
5055592
5055592
5056072
5058472
5059912
5060872
5061832
5063752
5064712
5066152
5067112
5069032
5070472
5072392
5076712
5077672
5080072
5083912
5086792
5089192
5089672
5090152
5090632
5092072
5093032
5093992
5095432
5095912
5096392
5098312
5098792
5099752
5101192
5101672
5102152
5103112
5104552
5107432
5107432
5109352
5110312
5110312
5112232
5112232
5113672
5114152
5116072
5117992
5119432
5119912
5121352
5122312
5124232
5125672
5125672
5126152
5126632
5290952
5292872
5295272
5296712
5298632
5299112
5301512
5302952
5303912
5305352
5307272
5308232
5309192
5309192
5310152
5310632
5312552
5313032
5313512
5315432
5315912
5316872
5317352
5318312
5319752
5320712
5321192
5321672
5322632
5325512
5326472
5328392
5328872
5330312
5331272
5334632
5337992
5338472
5339432
5339912
5341352
5342792
5344712
5348072
5349032
5349512
5349512
5350472
5350952
5352872
5353832
5355752
5356232
5358152
5359592
5360072
5361512
5363912
5364392
5365832
5365832
5366312
5367272
5368712
5368712
5370632
5370632
5371592
5371592
5372552
5372552
5373512
5375432
5376392
5377352
5380232
5380232
5380712
5381672
5383112
5384552
5385992
5387432
5388872
5390312
5392232
5394632
5397032
5397512
5397992
5399432
5400872
5401352
5401352
5401832
5402792
5404232
5404712
5406632
5408552
5409512
5409992
5410952
5411432
5412392
5416232
5417192
5417192
5419112
5421512
5421512
5421992
5422952
5423432
5425832
5426312
5427272
5427272
5427272
5428232
5428712
5429672
5432072
5432072
5432552
5432552
5435432
5436392
5436872
5436872
5437352
5437832
5439272
5440712
5444552
5445032
5445512
5447432
5447912
5448392
5448392
5448872
5449352
5450312
5452232
5453672
5456552
5457512
5458952
5459432
5460392
5461352
5464232
5464712
5465672
5467112
5468552
5470472
5470472
5470472
5471912
5474792
5475272
5476712
5479592
5481032
5481512
5481992
5482952
5483912
5484392
5485832
5486312
5486792
5486792
5487752
5489192
5490152
5492552
5492552
5493992
5494952
5495432
5496872
5497832
5498312
5499752
5500712
5500712
5502632
5503592
5504552
5505512
5506952
5507912
5508392
5511272
5511752
5512232
5513672
5514152
5514632
5516072
5516552
5517512
5519432
5520392
5520872
5521832
5522792
5525192
5526152
5527112
5527112
5527592
5528552
5529992
5531912
5533832
5534312
5534312
5535272
5535272
5537192
5537672
5539112
5539592
5541512
5541992
5544392
5545832
5546792
5547272
5548712
5551112
5551592
5553032
5554472
5556392
5556872
5557832
5557832
5560232
5563112
5563592
5565992
5567432
5567912
5568872
5572712
5573192
5575112
5576072
5577512
5577992
5578952
5579432
5579912
5580872
5581352
5581832
5584232
5584712
5586152
5586632
5587592
5589032
5589992
5591912
5592872
5594312
5594792
5596712
5598152
5599592
5600552
5601992
5604392
5605352
5608712
5610152
5611112
5612072
5612072
5613512
5615432
5616392
5617832
5621672
5623112
5623592
5625032
5625512
5626952
5626952
5628392
5629832
5629832
5629832
5632232
5634632
5635112
5637032
5638472
5642792
5645192
5649032
5649512
5649512
5650952
5651432
5654312
5654792
5655752
5656232
5657192
5659592
5660072
5660552
5661992
5661992
5663432
5665352
5666792
5667752
5667752
5669672
5671112
5672072
5674952
5676872
5677352
5679272
5679752
5680232
5682632
5684072
5686472
5687432
5687912
5690792
5691752
5692712
5692712
5693672
5695112
5696072
5697032
5697992
5699912
5700872
5702312
5704712
5705672
5706152
5706152
5707112
5707592
5708552
5710472
5711432
5711912
5713832
5715272
5716712
5717672
5720552
5721992
5722472
5722472
5723912
5723912
5726312
5727272
5729192
5731592
5732072
5734472
5736872
5738312
5738792
5739272
5739752
5740712
5741192
5742152
5743112
5745032
5745032
5747432
5748872
5749352
5750312
5751272
5752232
5755592
5757992
5759432
5759912
5761832
5762312
5762792
5766632
5770472
5771432
5773352
5775272
5776232
5778152
5779592
5781032
5782952
5784392
5786312
5786792
5787272
5787752
5788712
5788712
5788712
5789192
5791112
5791592
5793992
5793992
5795912
5797352
5797832
5798792
5799272
5800232
5801192
5801192
5803112
5804072
5806472
5808392
5809832
5810312
5812232
5812232
5813192
5813672
5816072
5817032
5818472
5819432
5820872
5820872
5821352
5822312
5822792
5823272
5825192
5827112
5828072
5828552
5829512
5829992
5830952
5831912
5832392
5834312
5837192
5838632
5840072
5840552
5841992
5842472
5844872
5847272
5849672
5851112
5853992
5854472
5855432
5857352
5857832
5858792
5860712
5860712
5862152
5862152
5864552
5866472
5867432
5867432
5868872
5869352
5871752
5873192
5875112
5875592
5877512
5879912
5882312
5882792
5883752
5884712
5887112
5887592
5889992
5890472
5891432
5893352
5893832
5895272
5895752
5897672
5897672
5900072
5901032
5902952
5904872
5906312
5907752
5908712
5909192
5910152
5911592
5913512
5914952
5915912
5917352
5918312
5919272
5919752
5921192
5922632
5923112
5923112
5923592
5924072
5926952
5928392
5931272
5932712
5934152
5936072
5936552
5937992
5940872
5942312
5943752
5944712
5945672
5946152
5947112
5947592
5949512
5949992
5950472
5950952
5953352
5954312
5954792
5955272
5956232
5957192
5958152
5959112
5960552
5961032
5963912
5965832
5966792
5967752
5968232
5968712
5968712
5969672
5971112
5971592
5971592
5973992
5974472
5975432
5978792
5981192
5981672
5982632
5983112
5983592
5986952
5987912
5988392
5989352
5989352
5989832
5990312
5990792
5992712
5993672
5995592
5998472
5998952
5999432
6000872
6003752
6004712
6005192
6005672
6007592
6009032
6011432
6012392
6013352
6014312
6015272
6015272
6016232
6017192
6018632
6019592
6020072
6021512
6022472
6026312
6027752
6028712
6029672
6030152
6032072
6033992
6034952
6034952
6037352
6037352
6038792
6041672
6043592
6045032
6045512
6045512
6045992
6048872
6048872
6050792
6052712
6055112
6055592
6056552
6056552
6057992
6058472
6059432
6059432
6060392
6060872
6061832
6063272
6063752
6065672
6066152
6066632
6068072
6068072
6069032
6070952
6073352
6076232
6076712
6077672
6080552
6081992
6083432
6083912
6083912
6086312
6087752
6089192
6091592
6093992
6095912
6095912
6098312
6098792
6101672
6103112
6103592
6104552
6105032
6105512
6106472
6108392
6110792
6111752
6112712
6113192
6114152
6115592
6116072
6117032
6119432
6119912
6119912
6121832
6122792
6123752
6124712
6126152
6126632
6129032
6129512
6131432
6133352
6134312
6135752
6139112
6141512
6141992
6143912
6146312
6149672
6151592
6154472
6154472
6154952
6155912
6157832
6158792
6159752
6162152
6162152
6163592
6165512
6167912
6169352
6171272
6172232
6172712
6173672
6175592
6177032
6177992
6179432
6179912
6180392
6181352
6183272
6184232
6185192
6187112
6188072
6189512
6190472
6192872
6193352
6193352
6195272
6196232
6196712
6196712
6197192
6198152
6198632
6199112
6200072
6200552
6200552
6201992
6204392
6205352
6206312
6209192
6210152
6211112
6211592
6212072
6213512
6214472
6215912
6218792
6220712
6221192
6223112
6224072
6224072
6224552
6225032
6226472
6229832
6231752
6233672
6234632
6237032
6240872
6243272
6244232
6245192
6245672
6247112
6249992
6250952
6252872
6254792
6257192
6258632
6259592
6260072
6262472
6265352
6266312
6266792
6267752
6268232
6269192
6269672
6272072
6273032
6273992
6274472
6275432
6276872
6278792
6279752
6281672
6282152
6283112
6284552
6285512
6288872
6288872
6289352
6289352
6293192
6293192
6294632
6296072
6297032
6297512
6297512
6297992
6298952
6298952
6299912
6299912
6302792
6303752
6304232
6306152
6306152
6307112
6308072
6309512
6311432
6313352
6314312
6315752
6318632
6320552
6322472
6324392
6325352
6326792
6327752
6328712
6328712
6329192
6331112
6333512
6335912
6338312
6340712
6342152
6342632
6343592
6344552
6345032
6345992
6346472
6348872
6349832
6350792
6352232
6353672
6354632
6356552
6358472
6358952
6360392
6362312
6364232
6365672
6368552
6369032
6369992
6370952
6372392
6372392
6373832
6377192
6378632
6379592
6380552
6381512
6382952
6383432
6383912
6385832
6387272
6388232
6389672
6392552
6395432
6396872
6398312
6399752
6401672
6402632
6403112
6404072
6405992
6406472
6406952
6408392
6408872
6409832
6410312
6410792
6413192
6414632
6416072
6416552
6416552
6417992
6419912
6420392
6421832
6422312
6424232
6424712
6425192
6426632
6427592
6428072
6431432
6432872
6435752
6437192
6438632
6439112
6440552
6441512
6443432
6445832
6447752
6450152
6452072
6452552
6453512
6455912
6456872
6457832
6459272
6459752
6460712
6461672
6462632
6463592
6464552
6465512
6467432
6469352
6470312
6471272
6474152
6475592
6476552
6477512
6478952
6479432
6481832
6483752
6484712
6484712
6487112
6487592
6489512
6489992
6490952
6490952
6492392
6493832
6495752
6496232
6498632
6499592
6499592
6501032
6502472
6502952
6503432
6504872
6506312
6507272
6509192
6509672
6510632
6512552
6513512
6516392
6517352
6518792
6519752
6521192
6523112
6523592
6525032
6526472
6529832
6530792
6531272
6531752
6534152
6536072
6538472
6539432
6539912
6541352
6543272
6545672
6548072
6548072
6548072
6549992
6552392
6552392
6552872
6553832
6554792
6555272
6557192
6557672
6558632
6559592
6561512
6561992
6563432
6564872
6566312
6567272
6568232
6568712
6570152
6572072
6572552
6572552
6573032
6573512
6574952
6575912
6576392
6576392
6578312
6580232
6581192
6581672
6582632
6584552
6586472
6586952
6586952
6587912
6587912
6587912
6589352
6590792
6591752
6592712
6593672
6594632
6596072
6597032
6597032
6597992
6599432
6600872
6602312
6603272
6606152
6608072
6608552
6609032
6609992
6610952
6612872
6616712
6616712
6618632
6619112
6620072
6622952
6624392
6624392
6625352
6626312
6627272
6628712
6631592
6633992
6633992
6634952
6637352
6637832
6639272
6640232
6641192
6641192
6642632
6643592
6645032
6645992
6646952
6647432
6647912
6649352
6650312
6652232
6655112
6656072
6656552
6657032
6658472
6660392
6661832
6662312
6662312
6664712
6664712
6666632
6669512
6670952
6671912
6675272
6675752
6676232
6677672
6679112
6679592
6679592
6680552
6681032
6681032
6681992
6683432
6684392
6685352
6685832
6686312
6686792
6688232
6691112
6692072
6692072
6695432
6696872
6697832
6698312
6698792
6701672
6703592
6706472
6708392
6709832
6712232
6713672
6714632
6715112
6716552
6717992
6719432
6720392
6721832
6722312
6722792
6723752
6725192
6726632
6727592
6728072
6729512
6729992
6731912
6733352
6734792
6735752
6735752
6737192
6738632
6740552
6741512
6741992
6742952
6743912
6744392
6744392
6746312
6746792
6746792
6748712
6749672
6751592
6751592
6753032
6753032
6753512
6753992
6754952
6755432
6756872
6758312
6760232
6760712
6760712
6763112
6764072
6765992
6767432
6767432
6768872
6770312
6770792
6772232
6773192
6773672
6773672
6774152
6774152
6774152
6776072
6777992
6778472
6778952
6780872
6782312
6783752
6788072
6788552
6789512
6790472
6791432
6791432
6792392
6792392
6793352
6794792
6796712
6797192
6798152
6798632
6801032
6801512
6803432
6804872
6805352
6807272
6808712
6809192
6809672
6812072
6813032
6815432
6816392
6816872
6819272
6821192
6822632
6822632
6823112
6823112
6825512
6826472
6826472
6827432
6829352
6829832
6830312
6830312
6831272
6832232
6833672
6833672
6835112
6837992
6838952
6839912
6840872
6840872
6843272
6844712
6846152
6847112
6847592
6849032
6849512
6851432
6851432
6852392
6852872
6855272
6856232
6857192
6857672
6859592
6861032
6861512
6863912
6866312
6867272
6869672
6873512
6874952
6877352
6879272
6880232
6882152
6884552
6886952
6887912
6889352
6889832
6890792
6891752
6891752
6893192
6895112
6896072
6897032
6897512
6899912
6901352
6901832
6905192
6905672
6907592
6909512
6911432
6913832
6915272
6916232
6917192
6917672
6920072
6922472
6923912
6926792
6927752
6929192
6930152
6931112
6931112
6932072
6933512
6934472
6935432
6938792
6940232
6941672
6942152
6944072
6944072
6944552
6945032
6946472
6947432
6948392
6948392
6949352
6950312
6952232
6953672
6954152
6954632
6955592
6956552
6958472
6959432
6960872
6963752
6966152
6966152
6967112
6968552
6969992
6972392
6975272
6976232
6977192
6979112
6980072
6981032
6981512
6981992
6983432
6984392
6984872
6988232
6990152
6992552
6993992
6994472
6994952
6994952
6997352
6999272
6999752
7002152
7003592
7005032
7005992
7007432
7007432
7008392
7009832
7010792
7011752
7011752
7014632
7015592
7017512
7018472
7019432
7022312
7024712
7025672
7025672
7028552
7029512
7030952
7031432
7032392
7032872
7033832
7035272
7036712
7037672
7038152
7039592
7041512
7041992
7043432
7046312
7046792
7047272
7047752
7050152
7051592
7053512
7054472
7056392
7058312
7059272
7059752
7060232
7061672
7062632
7063112
7063592
7066952
7067912
7071272
7072232
7074152
7076552
7077992
7078952
7078952
7081352
7082312
7085192
7086152
7088072
7089032
7089992
7090472
7090472
7092872
7093352
7093832
7094312
7094312
7095272
7095752
7097192
7099112
7100072
7101032
7101512
7103912
7104392
7105832
7108712
7110152
7111112
7112552
7114472
7116392
7120712
7121672
7124072
7124552
7125032
7126472
7129832
7131752
7134632
7135112
7136072
7136552
7137512
7138952
7139912
7140872
7141352
7143272
7144232
7144712
7145672
7147112
7147112
7147592
7148072
7149032
7150952
7151432
7153832
7156232
7157672
7159112
7159592
7160072
7160072
7160072
7160552
7161512
7162472
7162952
7165352
7168232
7169672
7171112
7171592
7174472
7175912
7177352
7178312
7181672
7182632
7184072
7184552
7185992
7187912
7191272
7191752
7193672
7194152
7194632
7196072
7198472
7200392
7200392
7201832
7201832
7203272
7204232
7206152
7207112
7207112
7208552
7209512
7211432
7212872
7215752
7215752
7217672
7220072
7221032
7221512
7223432
7224392
7225352
7226312
7226312
7228712
7229192
7230152
7231592
7231592
7233512
7234472
7234952
7235432
7236392
7238312
7238312
7238792
7239752
7240712
7244072
7245032
7245032
7245992
7247912
7247912
7248392
7249352
7250312
7251752
7252712
7254632
7256552
7585672
7585672
7586152
7588552
7589992
7591432
7594312
7596232
7598152
7598632
7599592
7601992
7602472
7602472
7602472
7602472
7603432
7605832
7606792
7608232
7610632
7613512
7614952
7614952
7616392
7616872
7617832
7618312
7619752
7621672
7623592
7625032
7629352
7631272
7631752
7632232
7633192
7635592
7635592
7636552
7638472
7639912
7640872
7640872
7642792
7644712
7645672
7646152
7647592
7649512
7650952
7650952
7653352
7654792
7657192
7657672
7658632
7659592
7660072
7660552
7662472
7663912
7665352
7666792
7667752
7668712
7670152
7671112
7673032
7673032
7675912
7677832
7677832
7679272
7680712
7683592
7684552
7686952
7687432
7689832
7692232
7693192
7694152
7695592
7697032
7698952
7699432
7701832
7702792
7703272
7704712
7704712
7706632
7708072
7709512
7711912
7713352
7714312
7715272
7716232
7717192
7718632
7721512
7721992
7723432
7723912
7725832
7728712
7730152
7731112
7731592
7732552
7733992
7735432
7736392
7738312
7738792
7740712
7741672
7742632
7744552
7744552
7745992
7749832
7749832
7752232
7753672
7755112
7756072
7758472
7759912
7760872
7761352
7762312
7764232
7765192
7767112
7768552
7769992
7770952
7770952
7771432
7772872
7773352
7774312
7774792
7777192
7778152
7780552
7784392
7784392
7785352
7786312
7788232
7788712
7789672
7791112
7793992
7793992
7794472
7795432
7796392
7797832
7800232
7802152
7802632
7803592
7804552
7804552
7805512
7806472
7807912
7809352
7811272
7812232
7813192
7814152
7815112
7816552
7816552
7817512
7819432
7820872
7821352
7822792
7823272
7824232
7824712
7826152
7826152
7828552
7829992
7831432
7832872
7833832
7833832
7834312
7834312
7834792
7836232
7837192
7837672
7838152
7839592
7839592
7840072
7840072
7841032
7842472
7845832
7847272
7849192
7849192
7852552
7853512
7854952
7855432
7855912
7857832
7859752
7859752
7860712
7861192
7861672
7862632
7863592
7864072
7866472
7867912
7868872
7870792
7871272
7873192
7875112
7877032
7877992
7878952
7879912
7880392
7880872
7882312
7883752
7884712
7885672
7887112
7889032
7889992
7891432
7892872
7893832
7893832
7893832
7895272
7895752
7895752
7896712
7900072
7900552
7902952
7902952
7904392
7905352
7907272
7908712
7910632
7912552
7913032
7914472
7915432
7916872
7917832
7918792
7919272
7919752
7920712
7922152
7923112
7925032
7927912
7927912
7928872
7930792
7932232
7933672
7934632
7936072
7938952
7939912
7942312
7942792
7944232
7944712
7946152
7946632
7949992
7950472
7951432
7952872
7953352
7954312
7955752
7957192
7957672
7958152
7958632
7959592
7960072
7961032
7961032
7962952
7962952
7964392
7964872
7966312
7967752
7969672
7970632
7971592
7973032
7973032
7974472
7975432
7976392
7976872
7977832
7978312
7980232
7982152
7984552
7985512
7985992
7986952
7988392
7989352
7990792
7992232
7993672
7994152
7994632
7997032
7998952
7999912
8000392
8000872
8004232
8006152
8006632
8008072
8009992
8010952
8011912
8012392
8013352
8013352
8015272
8015752
8017192
8017672
8018152
8018152
8018632
8019592
8020552
8021512
8022472
8024392
8025352
8026312
8027752
8030152
8030632
8032072
8032552
8033992
8034952
8035432
8038312
8039752
8040232
8041192
8042152
8044072
8045992
8046952
8046952
8049352
8051272
8051752
8052712
8053192
8054152
8056072
8057992
8059912
8061832
8062792
8063272
8063752
8064712
8066632
8070952
8072392
8073832
8076712
8077192
8078632
8079592
8079592
8080552
8081992
8082472
8082952
8085352
8086792
8088712
8089672
8090632
8090632
8093032
8093992
8096392
8097352
8097352
8097352
8100232
8101192
8101672
8102632
8103112
8103592
8103592
8105512
8105512
8105512
8107912
8108392
8108872
8109832
8110312
8111752
8112232
8112232
8112712
8114152
8116552
8117032
8117992
8118952
8121832
8121832
8122312
8125672
8125672
8126632
8127592
8128552
8129032
8132392
8132872
8133832
8135752
8137672
8139592
8141032
8142952
8144392
8145832
8145832
8146792
8148232
8149672
8150632
8152072
8152072
8153032
8153512
8153992
8154952
8156392
8160712
8162152
8164072
8164552
8166952
8167432
8167912
8171272
8172232
8175112
8176072
8177992
8177992
8179432
8181352
8182312
8183272
8184232
8185192
8187592
8189032
8190952
8192872
8194312
8194792
8194792
8197192
8198632
8199592
8201032
8201512
8201512
8202472
8204872
8206312
8206312
8207752
8209192
8209192
8210632
8213512
8215432
8216872
8217352
8217832
8219752
8220232
8221672
8223592
8225512
8227432
8227912
8228872
8230312
8230312
8232232
8233192
8234632
8236072
8236552
8237032
8237512
8238472
8239432
8241352
8241832
8243752
8245192
8245672
8245672
8246152
8246632
8246632
8247112
8248552
8249512
8250952
8252872
8253352
8254312
8255752
8256712
8257192
8260072
8261512
8262952
8264392
8266312
8267752
8270152
8270152
8270152
8272072
8273512
8274952
8276392
8278312
8279272
8280232
8282632
8283112
8284552
8285992
8285992
8288872
8292232
8295592
8297032
8298952
8300392
8300392
8302312
8302312
8302792
8304232
8306632
8306632
8306632
8306632
8308072
8308552
8309992
8309992
8312392
8314792
8315272
8316712
8318632
8318632
8318632
8320552
8321512
8322472
8324872
8326312
8327752
8328712
8329192
8329672
8330152
8330152
8330632
8331112
8332072
8334472
8335912
8336392
8339272
8340712
8343112
8344552
8348392
8352232
8352712
8353192
8354152
8355592
8357032
8359432
8360392
8361352
8362792
8365192
8367592
8368072
8370472
8373832
8375272
8377192
8378632
8381512
8381992
8382472
8383912
8386792
8388712
8390632
8391592
8391592
8393032
8393032
8393992
8394472
8395912
8397832
8399752
8399752
8401192
8402632
8403592
8404072
8404072
8406472
8407432
8408872
8409832
8410312
8413192
8413672
8414632
8415592
8415592
8415592
8416072
8416552
8418472
8420392
8420872
8423272
8423272
8424712
8424712
8426152
8427112
8428072
8429992
8430952
8432392
8432872
8434312
8435272
8436712
8437192
8437672
8438152
8439112
8439592
8440552
8442472
8442952
8444392
8445352
8445832
8447752
8448232
8449672
8450152
8451112
8451592
8452072
8454472
8454952
8455432
8456392
8458312
8459272
8460232
8462152
8463592
8464552
8467432
8468392
8468872
8469832
8472712
8474152
8475592
8477512
8480392
8480872
8483752
8483752
8486152
8487592
8488072
8489512
8491432
8491912
8491912
8491912
8492392
8493832
8493832
8494312
8494312
8495272
8496232
8496712
8499592
8500072
8500552
8502952
8503912
8504392
8506312
8507752
8508712
8509672
8511592
8512552
8513512
8515912
8517352
8519272
8520712
8522152
8522152
8523112
8524072
8525512
8526472
8528872
8530312
8531272
8532232
8533192
8534152
8535592
8536072
8536552
8536552
8537032
8537992
8538952
8539912
8540872
8542312
8543752
8545192
8546632
8547592
8548552
8549512
8550472
8551432
8552872
8553832
8555752
8555752
8556232
8558152
8558632
8559592
8560552
8561992
8562472
8562472
8563432
8563912
8565352
8565832
8567272
8568712
8569192
8572552
8573032
8573512
8574472
8574952
8575432
8576392
8577832
8578792
8579752
8580232
8581192
8581672
8582152
8583592
8585512
8585992
8586472
8587912
8589352
8590792
8591272
8592712
8593672
8594152
8596072
8597992
8598952
8599912
8599912
8601352
8602312
8603272
8604232
8605192
8607112
8608552
8609512
8611432
8613832
8614312
8616712
8617672
8618152
8620072
8621032
8621992
8623432
8626312
8626792
8628232
8629192
8629672
8631112
8631592
8633032
8633512
8634472
8635432
8635432
8635432
8636872
8638312
8640232
8640712
8641192
8641672
